<?xml version="1.0" encoding="UTF-8"?>
<testng-results ignored="0" total="1" passed="1" failed="0" skipped="0">
  <reporter-output>
  </reporter-output>
  <suite started-at="2023-08-20T14:41:22Z" name="Suite" finished-at="2023-08-20T14:41:22Z" duration-ms="33">
    <groups>
    </groups>
    <test started-at="2023-08-20T14:41:22Z" name="Test" finished-at="2023-08-20T14:41:22Z" duration-ms="33">
      <class name="testcases.Base">
        <test-method signature="TestCase01()[pri:0, instance:testcases.Base@327bcebd]" started-at="2023-08-20T14:41:22Z" name="TestCase01" finished-at="2023-08-20T14:41:22Z" duration-ms="10" status="PASS">
          <reporter-output>
          </reporter-output>
        </test-method> <!-- TestCase01 -->
      </class> <!-- testcases.Base -->
    </test> <!-- Test -->
  </suite> <!-- Suite -->
</testng-results>
