<?xml version="1.0" encoding="UTF-8"?>
<testng-results ignored="0" total="1" passed="1" failed="0" skipped="0">
  <reporter-output>
  </reporter-output>
  <suite started-at="2023-08-20T14:52:37Z" name="Regression Suite" finished-at="2023-08-20T14:52:38Z" duration-ms="30">
    <groups>
    </groups>
    <test started-at="2023-08-20T14:52:37Z" name="Login Test" finished-at="2023-08-20T14:52:38Z" duration-ms="30">
      <class name="testcases.Base">
        <test-method signature="TestCase01()[pri:0, instance:testcases.Base@3af0a9da]" started-at="2023-08-20T14:52:37Z" name="TestCase01" finished-at="2023-08-20T14:52:38Z" duration-ms="10" status="PASS">
          <reporter-output>
          </reporter-output>
        </test-method> <!-- TestCase01 -->
      </class> <!-- testcases.Base -->
    </test> <!-- Login Test -->
  </suite> <!-- Regression Suite -->
</testng-results>
